2022-12-04 20:02:07.701  INFO 38488 --- [JavaFX-Launcher] o.s.boot.SpringApplication               : Starting application using Java 19 on DESKTOP-HHV1NV0 with PID 38488 (started by Саша in C:\D\Універ\ПП\lab4-8\Knights)
2022-12-04 20:02:07.708  INFO 38488 --- [JavaFX-Launcher] o.s.boot.SpringApplication               : No active profile set, falling back to 1 default profile: "default"
2022-12-04 20:02:09.086  INFO 38488 --- [JavaFX-Launcher] .s.d.r.c.RepositoryConfigurationDelegate : Bootstrapping Spring Data JPA repositories in DEFAULT mode.
2022-12-04 20:02:09.170  INFO 38488 --- [JavaFX-Launcher] .s.d.r.c.RepositoryConfigurationDelegate : Finished Spring Data repository scanning in 72 ms. Found 2 JPA repository interfaces.
2022-12-04 20:02:09.941  INFO 38488 --- [JavaFX-Launcher] o.s.b.w.embedded.tomcat.TomcatWebServer  : Tomcat initialized with port(s): 8080 (http)
2022-12-04 20:02:09.962  INFO 38488 --- [JavaFX-Launcher] o.apache.catalina.core.StandardService   : Starting service [Tomcat]
2022-12-04 20:02:09.962  INFO 38488 --- [JavaFX-Launcher] org.apache.catalina.core.StandardEngine  : Starting Servlet engine: [Apache Tomcat/9.0.65]
2022-12-04 20:02:10.124  INFO 38488 --- [JavaFX-Launcher] o.a.c.c.C.[Tomcat].[localhost].[/]       : Initializing Spring embedded WebApplicationContext
2022-12-04 20:02:10.124  INFO 38488 --- [JavaFX-Launcher] w.s.c.ServletWebServerApplicationContext : Root WebApplicationContext: initialization completed in 2342 ms
2022-12-04 20:02:10.522  INFO 38488 --- [JavaFX-Launcher] o.hibernate.jpa.internal.util.LogHelper  : HHH000204: Processing PersistenceUnitInfo [name: default]
2022-12-04 20:02:10.685  INFO 38488 --- [JavaFX-Launcher] org.hibernate.Version                    : HHH000412: Hibernate ORM core version 5.6.11.Final
2022-12-04 20:02:11.285  INFO 38488 --- [JavaFX-Launcher] o.hibernate.annotations.common.Version   : HCANN000001: Hibernate Commons Annotations {5.1.2.Final}
2022-12-04 20:02:11.488  INFO 38488 --- [JavaFX-Launcher] com.zaxxer.hikari.HikariDataSource       : HikariPool-1 - Starting...
2022-12-04 20:02:11.948  INFO 38488 --- [JavaFX-Launcher] com.zaxxer.hikari.HikariDataSource       : HikariPool-1 - Start completed.
2022-12-04 20:02:11.984  INFO 38488 --- [JavaFX-Launcher] org.hibernate.dialect.Dialect            : HHH000400: Using dialect: org.hibernate.dialect.SQLServer2012Dialect
2022-12-04 20:02:12.254  INFO 38488 --- [JavaFX-Launcher] o.hibernate.id.enhanced.TableGenerator   : HHH000398: Explicit segment value for id generator [hibernate_sequences.sequence_name] suggested; using default [default]
2022-12-04 20:02:13.689  INFO 38488 --- [JavaFX-Launcher] o.h.e.t.j.p.i.JtaPlatformInitiator       : HHH000490: Using JtaPlatform implementation: [org.hibernate.engine.transaction.jta.platform.internal.NoJtaPlatform]
2022-12-04 20:02:13.701  INFO 38488 --- [JavaFX-Launcher] j.LocalContainerEntityManagerFactoryBean : Initialized JPA EntityManagerFactory for persistence unit 'default'
2022-12-04 20:02:14.346  WARN 38488 --- [JavaFX-Launcher] JpaBaseConfiguration$JpaWebConfiguration : spring.jpa.open-in-view is enabled by default. Therefore, database queries may be performed during view rendering. Explicitly configure spring.jpa.open-in-view to disable this warning
2022-12-04 20:02:14.889  INFO 38488 --- [JavaFX-Launcher] o.s.b.w.embedded.tomcat.TomcatWebServer  : Tomcat started on port(s): 8080 (http) with context path ''
2022-12-04 20:02:15.239  INFO 38488 --- [JavaFX-Launcher] o.s.boot.SpringApplication               : Started application in 8.162 seconds (JVM running for 10.211)
2022-12-04 20:02:24.792  INFO 38488 --- [JavaFX Application Thread] o.apache.catalina.core.StandardService   : Stopping service [Tomcat]
2022-12-04 20:02:24.807  INFO 38488 --- [JavaFX Application Thread] j.LocalContainerEntityManagerFactoryBean : Closing JPA EntityManagerFactory for persistence unit 'default'
2022-12-04 20:02:24.809  INFO 38488 --- [JavaFX Application Thread] com.zaxxer.hikari.HikariDataSource       : HikariPool-1 - Shutdown initiated...
2022-12-04 20:02:24.815  INFO 38488 --- [JavaFX Application Thread] com.zaxxer.hikari.HikariDataSource       : HikariPool-1 - Shutdown completed.
2022-12-04 20:02:48.505  INFO 16132 --- [JavaFX-Launcher] o.s.boot.SpringApplication               : Starting application using Java 19 on DESKTOP-HHV1NV0 with PID 16132 (started by Саша in C:\D\Універ\ПП\lab4-8\Knights)
2022-12-04 20:02:48.508  INFO 16132 --- [JavaFX-Launcher] o.s.boot.SpringApplication               : No active profile set, falling back to 1 default profile: "default"
2022-12-04 20:02:49.581  INFO 16132 --- [JavaFX-Launcher] .s.d.r.c.RepositoryConfigurationDelegate : Bootstrapping Spring Data JPA repositories in DEFAULT mode.
2022-12-04 20:02:49.661  INFO 16132 --- [JavaFX-Launcher] .s.d.r.c.RepositoryConfigurationDelegate : Finished Spring Data repository scanning in 68 ms. Found 2 JPA repository interfaces.
2022-12-04 20:02:50.486  INFO 16132 --- [JavaFX-Launcher] o.s.b.w.embedded.tomcat.TomcatWebServer  : Tomcat initialized with port(s): 8080 (http)
2022-12-04 20:02:50.499  INFO 16132 --- [JavaFX-Launcher] o.apache.catalina.core.StandardService   : Starting service [Tomcat]
2022-12-04 20:02:50.500  INFO 16132 --- [JavaFX-Launcher] org.apache.catalina.core.StandardEngine  : Starting Servlet engine: [Apache Tomcat/9.0.65]
2022-12-04 20:02:50.644  INFO 16132 --- [JavaFX-Launcher] o.a.c.c.C.[Tomcat].[localhost].[/]       : Initializing Spring embedded WebApplicationContext
2022-12-04 20:02:50.644  INFO 16132 --- [JavaFX-Launcher] w.s.c.ServletWebServerApplicationContext : Root WebApplicationContext: initialization completed in 2080 ms
2022-12-04 20:02:50.932  INFO 16132 --- [JavaFX-Launcher] o.hibernate.jpa.internal.util.LogHelper  : HHH000204: Processing PersistenceUnitInfo [name: default]
2022-12-04 20:02:50.998  INFO 16132 --- [JavaFX-Launcher] org.hibernate.Version                    : HHH000412: Hibernate ORM core version 5.6.11.Final
2022-12-04 20:02:51.265  INFO 16132 --- [JavaFX-Launcher] o.hibernate.annotations.common.Version   : HCANN000001: Hibernate Commons Annotations {5.1.2.Final}
2022-12-04 20:02:51.423  INFO 16132 --- [JavaFX-Launcher] com.zaxxer.hikari.HikariDataSource       : HikariPool-1 - Starting...
2022-12-04 20:02:51.750  INFO 16132 --- [JavaFX-Launcher] com.zaxxer.hikari.HikariDataSource       : HikariPool-1 - Start completed.
2022-12-04 20:02:51.777  INFO 16132 --- [JavaFX-Launcher] org.hibernate.dialect.Dialect            : HHH000400: Using dialect: org.hibernate.dialect.SQLServer2012Dialect
2022-12-04 20:02:52.088  INFO 16132 --- [JavaFX-Launcher] o.hibernate.id.enhanced.TableGenerator   : HHH000398: Explicit segment value for id generator [hibernate_sequences.sequence_name] suggested; using default [default]
2022-12-04 20:02:53.476  INFO 16132 --- [JavaFX-Launcher] o.h.e.t.j.p.i.JtaPlatformInitiator       : HHH000490: Using JtaPlatform implementation: [org.hibernate.engine.transaction.jta.platform.internal.NoJtaPlatform]
2022-12-04 20:02:53.488  INFO 16132 --- [JavaFX-Launcher] j.LocalContainerEntityManagerFactoryBean : Initialized JPA EntityManagerFactory for persistence unit 'default'
2022-12-04 20:02:54.138  WARN 16132 --- [JavaFX-Launcher] JpaBaseConfiguration$JpaWebConfiguration : spring.jpa.open-in-view is enabled by default. Therefore, database queries may be performed during view rendering. Explicitly configure spring.jpa.open-in-view to disable this warning
2022-12-04 20:02:54.661  INFO 16132 --- [JavaFX-Launcher] o.s.b.w.embedded.tomcat.TomcatWebServer  : Tomcat started on port(s): 8080 (http) with context path ''
2022-12-04 20:02:55.029  INFO 16132 --- [JavaFX-Launcher] o.s.boot.SpringApplication               : Started application in 7.08 seconds (JVM running for 8.556)
2022-12-04 20:03:02.780  INFO 16132 --- [JavaFX Application Thread] o.apache.catalina.core.StandardService   : Stopping service [Tomcat]
2022-12-04 20:03:02.800  INFO 16132 --- [JavaFX Application Thread] j.LocalContainerEntityManagerFactoryBean : Closing JPA EntityManagerFactory for persistence unit 'default'
2022-12-04 20:03:02.802  INFO 16132 --- [JavaFX Application Thread] com.zaxxer.hikari.HikariDataSource       : HikariPool-1 - Shutdown initiated...
2022-12-04 20:03:02.809  INFO 16132 --- [JavaFX Application Thread] com.zaxxer.hikari.HikariDataSource       : HikariPool-1 - Shutdown completed.
2022-12-04 20:20:04.997  INFO 34004 --- [JavaFX-Launcher] o.s.boot.SpringApplication               : Starting application using Java 19 on DESKTOP-HHV1NV0 with PID 34004 (started by Саша in C:\D\Універ\ПП\lab4-8\Knights)
2022-12-04 20:20:05.001  INFO 34004 --- [JavaFX-Launcher] o.s.boot.SpringApplication               : No active profile set, falling back to 1 default profile: "default"
2022-12-04 20:20:06.006  INFO 34004 --- [JavaFX-Launcher] .s.d.r.c.RepositoryConfigurationDelegate : Bootstrapping Spring Data JPA repositories in DEFAULT mode.
2022-12-04 20:20:06.079  INFO 34004 --- [JavaFX-Launcher] .s.d.r.c.RepositoryConfigurationDelegate : Finished Spring Data repository scanning in 63 ms. Found 2 JPA repository interfaces.
2022-12-04 20:20:06.765  INFO 34004 --- [JavaFX-Launcher] o.s.b.w.embedded.tomcat.TomcatWebServer  : Tomcat initialized with port(s): 8080 (http)
2022-12-04 20:20:06.776  INFO 34004 --- [JavaFX-Launcher] o.apache.catalina.core.StandardService   : Starting service [Tomcat]
2022-12-04 20:20:06.777  INFO 34004 --- [JavaFX-Launcher] org.apache.catalina.core.StandardEngine  : Starting Servlet engine: [Apache Tomcat/9.0.65]
2022-12-04 20:20:06.917  INFO 34004 --- [JavaFX-Launcher] o.a.c.c.C.[Tomcat].[localhost].[/]       : Initializing Spring embedded WebApplicationContext
2022-12-04 20:20:06.918  INFO 34004 --- [JavaFX-Launcher] w.s.c.ServletWebServerApplicationContext : Root WebApplicationContext: initialization completed in 1854 ms
2022-12-04 20:20:07.167  INFO 34004 --- [JavaFX-Launcher] o.hibernate.jpa.internal.util.LogHelper  : HHH000204: Processing PersistenceUnitInfo [name: default]
2022-12-04 20:20:07.236  INFO 34004 --- [JavaFX-Launcher] org.hibernate.Version                    : HHH000412: Hibernate ORM core version 5.6.11.Final
2022-12-04 20:20:07.469  INFO 34004 --- [JavaFX-Launcher] o.hibernate.annotations.common.Version   : HCANN000001: Hibernate Commons Annotations {5.1.2.Final}
2022-12-04 20:20:07.604  INFO 34004 --- [JavaFX-Launcher] com.zaxxer.hikari.HikariDataSource       : HikariPool-1 - Starting...
2022-12-04 20:20:07.938  INFO 34004 --- [JavaFX-Launcher] com.zaxxer.hikari.HikariDataSource       : HikariPool-1 - Start completed.
2022-12-04 20:20:07.967  INFO 34004 --- [JavaFX-Launcher] org.hibernate.dialect.Dialect            : HHH000400: Using dialect: org.hibernate.dialect.SQLServer2012Dialect
2022-12-04 20:20:08.216  INFO 34004 --- [JavaFX-Launcher] o.hibernate.id.enhanced.TableGenerator   : HHH000398: Explicit segment value for id generator [hibernate_sequences.sequence_name] suggested; using default [default]
2022-12-04 20:20:09.462  INFO 34004 --- [JavaFX-Launcher] o.h.e.t.j.p.i.JtaPlatformInitiator       : HHH000490: Using JtaPlatform implementation: [org.hibernate.engine.transaction.jta.platform.internal.NoJtaPlatform]
2022-12-04 20:20:09.474  INFO 34004 --- [JavaFX-Launcher] j.LocalContainerEntityManagerFactoryBean : Initialized JPA EntityManagerFactory for persistence unit 'default'
2022-12-04 20:20:10.088  WARN 34004 --- [JavaFX-Launcher] JpaBaseConfiguration$JpaWebConfiguration : spring.jpa.open-in-view is enabled by default. Therefore, database queries may be performed during view rendering. Explicitly configure spring.jpa.open-in-view to disable this warning
2022-12-04 20:20:10.615  INFO 34004 --- [JavaFX-Launcher] o.s.b.w.embedded.tomcat.TomcatWebServer  : Tomcat started on port(s): 8080 (http) with context path ''
2022-12-04 20:20:10.992  INFO 34004 --- [JavaFX-Launcher] o.s.boot.SpringApplication               : Started application in 6.572 seconds (JVM running for 8.187)
2022-12-04 20:20:22.350  INFO 34004 --- [JavaFX Application Thread] o.apache.catalina.core.StandardService   : Stopping service [Tomcat]
2022-12-04 20:20:22.368  INFO 34004 --- [JavaFX Application Thread] j.LocalContainerEntityManagerFactoryBean : Closing JPA EntityManagerFactory for persistence unit 'default'
2022-12-04 20:20:22.371  INFO 34004 --- [JavaFX Application Thread] com.zaxxer.hikari.HikariDataSource       : HikariPool-1 - Shutdown initiated...
2022-12-04 20:20:22.380  INFO 34004 --- [JavaFX Application Thread] com.zaxxer.hikari.HikariDataSource       : HikariPool-1 - Shutdown completed.
2022-12-04 20:55:56.068  INFO 23784 --- [JavaFX-Launcher] o.s.boot.SpringApplication               : Starting application using Java 19 on DESKTOP-HHV1NV0 with PID 23784 (started by Саша in C:\D\Універ\ПП\lab4-8\Knights)
2022-12-04 20:55:56.074  INFO 23784 --- [JavaFX-Launcher] o.s.boot.SpringApplication               : No active profile set, falling back to 1 default profile: "default"
2022-12-04 20:55:57.245  INFO 23784 --- [JavaFX-Launcher] .s.d.r.c.RepositoryConfigurationDelegate : Bootstrapping Spring Data JPA repositories in DEFAULT mode.
2022-12-04 20:55:57.329  INFO 23784 --- [JavaFX-Launcher] .s.d.r.c.RepositoryConfigurationDelegate : Finished Spring Data repository scanning in 73 ms. Found 2 JPA repository interfaces.
2022-12-04 20:55:58.119  INFO 23784 --- [JavaFX-Launcher] o.s.b.w.embedded.tomcat.TomcatWebServer  : Tomcat initialized with port(s): 8080 (http)
2022-12-04 20:55:58.144  INFO 23784 --- [JavaFX-Launcher] o.apache.catalina.core.StandardService   : Starting service [Tomcat]
2022-12-04 20:55:58.145  INFO 23784 --- [JavaFX-Launcher] org.apache.catalina.core.StandardEngine  : Starting Servlet engine: [Apache Tomcat/9.0.65]
2022-12-04 20:55:58.303  INFO 23784 --- [JavaFX-Launcher] o.a.c.c.C.[Tomcat].[localhost].[/]       : Initializing Spring embedded WebApplicationContext
2022-12-04 20:55:58.304  INFO 23784 --- [JavaFX-Launcher] w.s.c.ServletWebServerApplicationContext : Root WebApplicationContext: initialization completed in 2164 ms
2022-12-04 20:55:58.570  INFO 23784 --- [JavaFX-Launcher] o.hibernate.jpa.internal.util.LogHelper  : HHH000204: Processing PersistenceUnitInfo [name: default]
2022-12-04 20:55:58.651  INFO 23784 --- [JavaFX-Launcher] org.hibernate.Version                    : HHH000412: Hibernate ORM core version 5.6.11.Final
2022-12-04 20:55:58.910  INFO 23784 --- [JavaFX-Launcher] o.hibernate.annotations.common.Version   : HCANN000001: Hibernate Commons Annotations {5.1.2.Final}
2022-12-04 20:55:59.076  INFO 23784 --- [JavaFX-Launcher] com.zaxxer.hikari.HikariDataSource       : HikariPool-1 - Starting...
2022-12-04 20:55:59.454  INFO 23784 --- [JavaFX-Launcher] com.zaxxer.hikari.HikariDataSource       : HikariPool-1 - Start completed.
2022-12-04 20:55:59.481  INFO 23784 --- [JavaFX-Launcher] org.hibernate.dialect.Dialect            : HHH000400: Using dialect: org.hibernate.dialect.SQLServer2012Dialect
2022-12-04 20:55:59.744  INFO 23784 --- [JavaFX-Launcher] o.hibernate.id.enhanced.TableGenerator   : HHH000398: Explicit segment value for id generator [hibernate_sequences.sequence_name] suggested; using default [default]
2022-12-04 20:56:01.034  INFO 23784 --- [JavaFX-Launcher] o.h.e.t.j.p.i.JtaPlatformInitiator       : HHH000490: Using JtaPlatform implementation: [org.hibernate.engine.transaction.jta.platform.internal.NoJtaPlatform]
2022-12-04 20:56:01.046  INFO 23784 --- [JavaFX-Launcher] j.LocalContainerEntityManagerFactoryBean : Initialized JPA EntityManagerFactory for persistence unit 'default'
2022-12-04 20:56:01.729  WARN 23784 --- [JavaFX-Launcher] JpaBaseConfiguration$JpaWebConfiguration : spring.jpa.open-in-view is enabled by default. Therefore, database queries may be performed during view rendering. Explicitly configure spring.jpa.open-in-view to disable this warning
2022-12-04 20:56:02.309  INFO 23784 --- [JavaFX-Launcher] o.s.b.w.embedded.tomcat.TomcatWebServer  : Tomcat started on port(s): 8080 (http) with context path ''
2022-12-04 20:56:02.702  INFO 23784 --- [JavaFX-Launcher] o.s.boot.SpringApplication               : Started application in 7.306 seconds (JVM running for 9.698)
2022-12-04 20:57:24.950  WARN 23784 --- [HikariPool-1 housekeeper] com.zaxxer.hikari.pool.HikariPool        : HikariPool-1 - Thread starvation or clock leap detected (housekeeper delta=1m25s395ms791µs100ns).
2022-12-04 20:57:59.857  INFO 23784 --- [SpringApplicationShutdownHook] j.LocalContainerEntityManagerFactoryBean : Closing JPA EntityManagerFactory for persistence unit 'default'
2022-12-04 20:57:59.860  INFO 23784 --- [SpringApplicationShutdownHook] com.zaxxer.hikari.HikariDataSource       : HikariPool-1 - Shutdown initiated...
2022-12-04 20:57:59.867  INFO 23784 --- [SpringApplicationShutdownHook] com.zaxxer.hikari.HikariDataSource       : HikariPool-1 - Shutdown completed.
2022-12-04 20:58:06.791  INFO 24592 --- [JavaFX-Launcher] o.s.boot.SpringApplication               : Starting application using Java 19 on DESKTOP-HHV1NV0 with PID 24592 (started by Саша in C:\D\Універ\ПП\lab4-8\Knights)
2022-12-04 20:58:06.795  INFO 24592 --- [JavaFX-Launcher] o.s.boot.SpringApplication               : No active profile set, falling back to 1 default profile: "default"
2022-12-04 20:58:07.895  INFO 24592 --- [JavaFX-Launcher] .s.d.r.c.RepositoryConfigurationDelegate : Bootstrapping Spring Data JPA repositories in DEFAULT mode.
2022-12-04 20:58:07.976  INFO 24592 --- [JavaFX-Launcher] .s.d.r.c.RepositoryConfigurationDelegate : Finished Spring Data repository scanning in 70 ms. Found 2 JPA repository interfaces.
2022-12-04 20:58:08.712  INFO 24592 --- [JavaFX-Launcher] o.s.b.w.embedded.tomcat.TomcatWebServer  : Tomcat initialized with port(s): 8080 (http)
2022-12-04 20:58:08.725  INFO 24592 --- [JavaFX-Launcher] o.apache.catalina.core.StandardService   : Starting service [Tomcat]
2022-12-04 20:58:08.725  INFO 24592 --- [JavaFX-Launcher] org.apache.catalina.core.StandardEngine  : Starting Servlet engine: [Apache Tomcat/9.0.65]
2022-12-04 20:58:08.884  INFO 24592 --- [JavaFX-Launcher] o.a.c.c.C.[Tomcat].[localhost].[/]       : Initializing Spring embedded WebApplicationContext
2022-12-04 20:58:08.884  INFO 24592 --- [JavaFX-Launcher] w.s.c.ServletWebServerApplicationContext : Root WebApplicationContext: initialization completed in 2024 ms
2022-12-04 20:58:09.139  INFO 24592 --- [JavaFX-Launcher] o.hibernate.jpa.internal.util.LogHelper  : HHH000204: Processing PersistenceUnitInfo [name: default]
2022-12-04 20:58:09.211  INFO 24592 --- [JavaFX-Launcher] org.hibernate.Version                    : HHH000412: Hibernate ORM core version 5.6.11.Final
2022-12-04 20:58:09.462  INFO 24592 --- [JavaFX-Launcher] o.hibernate.annotations.common.Version   : HCANN000001: Hibernate Commons Annotations {5.1.2.Final}
2022-12-04 20:58:09.613  INFO 24592 --- [JavaFX-Launcher] com.zaxxer.hikari.HikariDataSource       : HikariPool-1 - Starting...
2022-12-04 20:58:09.958  INFO 24592 --- [JavaFX-Launcher] com.zaxxer.hikari.HikariDataSource       : HikariPool-1 - Start completed.
2022-12-04 20:58:09.988  INFO 24592 --- [JavaFX-Launcher] org.hibernate.dialect.Dialect            : HHH000400: Using dialect: org.hibernate.dialect.SQLServer2012Dialect
2022-12-04 20:58:10.251  INFO 24592 --- [JavaFX-Launcher] o.hibernate.id.enhanced.TableGenerator   : HHH000398: Explicit segment value for id generator [hibernate_sequences.sequence_name] suggested; using default [default]
2022-12-04 20:58:11.672  INFO 24592 --- [JavaFX-Launcher] o.h.e.t.j.p.i.JtaPlatformInitiator       : HHH000490: Using JtaPlatform implementation: [org.hibernate.engine.transaction.jta.platform.internal.NoJtaPlatform]
2022-12-04 20:58:11.688  INFO 24592 --- [JavaFX-Launcher] j.LocalContainerEntityManagerFactoryBean : Initialized JPA EntityManagerFactory for persistence unit 'default'
2022-12-04 20:58:12.458  WARN 24592 --- [JavaFX-Launcher] JpaBaseConfiguration$JpaWebConfiguration : spring.jpa.open-in-view is enabled by default. Therefore, database queries may be performed during view rendering. Explicitly configure spring.jpa.open-in-view to disable this warning
2022-12-04 20:58:13.070  INFO 24592 --- [JavaFX-Launcher] o.s.b.w.embedded.tomcat.TomcatWebServer  : Tomcat started on port(s): 8080 (http) with context path ''
2022-12-04 20:58:13.468  INFO 24592 --- [JavaFX-Launcher] o.s.boot.SpringApplication               : Started application in 7.457 seconds (JVM running for 9.779)
2022-12-04 21:01:27.917  WARN 24592 --- [HikariPool-1 housekeeper] com.zaxxer.hikari.pool.HikariPool        : HikariPool-1 - Thread starvation or clock leap detected (housekeeper delta=1m54s461ms953µs).
2022-12-04 21:01:27.990  INFO 24592 --- [SpringApplicationShutdownHook] j.LocalContainerEntityManagerFactoryBean : Closing JPA EntityManagerFactory for persistence unit 'default'
2022-12-04 21:01:27.993  INFO 24592 --- [SpringApplicationShutdownHook] com.zaxxer.hikari.HikariDataSource       : HikariPool-1 - Shutdown initiated...
2022-12-04 21:01:28.000  INFO 24592 --- [SpringApplicationShutdownHook] com.zaxxer.hikari.HikariDataSource       : HikariPool-1 - Shutdown completed.
2022-12-04 21:16:00.648  INFO 22556 --- [JavaFX-Launcher] o.s.boot.SpringApplication               : Starting application using Java 19 on DESKTOP-HHV1NV0 with PID 22556 (started by Саша in C:\D\Універ\ПП\lab4-8\Knights)
2022-12-04 21:16:00.653  INFO 22556 --- [JavaFX-Launcher] o.s.boot.SpringApplication               : No active profile set, falling back to 1 default profile: "default"
2022-12-04 21:16:01.902  INFO 22556 --- [JavaFX-Launcher] .s.d.r.c.RepositoryConfigurationDelegate : Bootstrapping Spring Data JPA repositories in DEFAULT mode.
2022-12-04 21:16:01.992  INFO 22556 --- [JavaFX-Launcher] .s.d.r.c.RepositoryConfigurationDelegate : Finished Spring Data repository scanning in 79 ms. Found 2 JPA repository interfaces.
2022-12-04 21:16:02.715  INFO 22556 --- [JavaFX-Launcher] o.s.b.w.embedded.tomcat.TomcatWebServer  : Tomcat initialized with port(s): 8080 (http)
2022-12-04 21:16:02.728  INFO 22556 --- [JavaFX-Launcher] o.apache.catalina.core.StandardService   : Starting service [Tomcat]
2022-12-04 21:16:02.728  INFO 22556 --- [JavaFX-Launcher] org.apache.catalina.core.StandardEngine  : Starting Servlet engine: [Apache Tomcat/9.0.65]
2022-12-04 21:16:02.872  INFO 22556 --- [JavaFX-Launcher] o.a.c.c.C.[Tomcat].[localhost].[/]       : Initializing Spring embedded WebApplicationContext
2022-12-04 21:16:02.873  INFO 22556 --- [JavaFX-Launcher] w.s.c.ServletWebServerApplicationContext : Root WebApplicationContext: initialization completed in 2146 ms
2022-12-04 21:16:03.126  INFO 22556 --- [JavaFX-Launcher] o.hibernate.jpa.internal.util.LogHelper  : HHH000204: Processing PersistenceUnitInfo [name: default]
2022-12-04 21:16:03.197  INFO 22556 --- [JavaFX-Launcher] org.hibernate.Version                    : HHH000412: Hibernate ORM core version 5.6.11.Final
2022-12-04 21:16:03.450  INFO 22556 --- [JavaFX-Launcher] o.hibernate.annotations.common.Version   : HCANN000001: Hibernate Commons Annotations {5.1.2.Final}
2022-12-04 21:16:03.596  INFO 22556 --- [JavaFX-Launcher] com.zaxxer.hikari.HikariDataSource       : HikariPool-1 - Starting...
2022-12-04 21:16:03.939  INFO 22556 --- [JavaFX-Launcher] com.zaxxer.hikari.HikariDataSource       : HikariPool-1 - Start completed.
2022-12-04 21:16:03.966  INFO 22556 --- [JavaFX-Launcher] org.hibernate.dialect.Dialect            : HHH000400: Using dialect: org.hibernate.dialect.SQLServer2012Dialect
2022-12-04 21:16:04.221  INFO 22556 --- [JavaFX-Launcher] o.hibernate.id.enhanced.TableGenerator   : HHH000398: Explicit segment value for id generator [hibernate_sequences.sequence_name] suggested; using default [default]
2022-12-04 21:16:05.458  INFO 22556 --- [JavaFX-Launcher] o.h.e.t.j.p.i.JtaPlatformInitiator       : HHH000490: Using JtaPlatform implementation: [org.hibernate.engine.transaction.jta.platform.internal.NoJtaPlatform]
2022-12-04 21:16:05.470  INFO 22556 --- [JavaFX-Launcher] j.LocalContainerEntityManagerFactoryBean : Initialized JPA EntityManagerFactory for persistence unit 'default'
2022-12-04 21:16:06.194  WARN 22556 --- [JavaFX-Launcher] JpaBaseConfiguration$JpaWebConfiguration : spring.jpa.open-in-view is enabled by default. Therefore, database queries may be performed during view rendering. Explicitly configure spring.jpa.open-in-view to disable this warning
2022-12-04 21:16:07.059  INFO 22556 --- [JavaFX-Launcher] o.s.b.w.embedded.tomcat.TomcatWebServer  : Tomcat started on port(s): 8080 (http) with context path ''
2022-12-04 21:16:07.452  INFO 22556 --- [JavaFX-Launcher] o.s.boot.SpringApplication               : Started application in 7.564 seconds (JVM running for 9.626)
2022-12-04 21:17:26.635  WARN 22556 --- [HikariPool-1 housekeeper] com.zaxxer.hikari.pool.HikariPool        : HikariPool-1 - Thread starvation or clock leap detected (housekeeper delta=47s578ms506µs300ns).
2022-12-04 21:17:31.028  INFO 22556 --- [SpringApplicationShutdownHook] j.LocalContainerEntityManagerFactoryBean : Closing JPA EntityManagerFactory for persistence unit 'default'
2022-12-04 21:17:31.030  INFO 22556 --- [SpringApplicationShutdownHook] com.zaxxer.hikari.HikariDataSource       : HikariPool-1 - Shutdown initiated...
2022-12-04 21:17:31.036  INFO 22556 --- [SpringApplicationShutdownHook] com.zaxxer.hikari.HikariDataSource       : HikariPool-1 - Shutdown completed.
2022-12-04 21:17:38.810  INFO 27920 --- [JavaFX-Launcher] o.s.boot.SpringApplication               : Starting application using Java 19 on DESKTOP-HHV1NV0 with PID 27920 (started by Саша in C:\D\Універ\ПП\lab4-8\Knights)
2022-12-04 21:17:38.814  INFO 27920 --- [JavaFX-Launcher] o.s.boot.SpringApplication               : No active profile set, falling back to 1 default profile: "default"
2022-12-04 21:17:39.884  INFO 27920 --- [JavaFX-Launcher] .s.d.r.c.RepositoryConfigurationDelegate : Bootstrapping Spring Data JPA repositories in DEFAULT mode.
2022-12-04 21:17:39.965  INFO 27920 --- [JavaFX-Launcher] .s.d.r.c.RepositoryConfigurationDelegate : Finished Spring Data repository scanning in 70 ms. Found 2 JPA repository interfaces.
2022-12-04 21:17:40.688  INFO 27920 --- [JavaFX-Launcher] o.s.b.w.embedded.tomcat.TomcatWebServer  : Tomcat initialized with port(s): 8080 (http)
2022-12-04 21:17:40.700  INFO 27920 --- [JavaFX-Launcher] o.apache.catalina.core.StandardService   : Starting service [Tomcat]
2022-12-04 21:17:40.700  INFO 27920 --- [JavaFX-Launcher] org.apache.catalina.core.StandardEngine  : Starting Servlet engine: [Apache Tomcat/9.0.65]
2022-12-04 21:17:40.843  INFO 27920 --- [JavaFX-Launcher] o.a.c.c.C.[Tomcat].[localhost].[/]       : Initializing Spring embedded WebApplicationContext
2022-12-04 21:17:40.843  INFO 27920 --- [JavaFX-Launcher] w.s.c.ServletWebServerApplicationContext : Root WebApplicationContext: initialization completed in 1967 ms
2022-12-04 21:17:41.101  INFO 27920 --- [JavaFX-Launcher] o.hibernate.jpa.internal.util.LogHelper  : HHH000204: Processing PersistenceUnitInfo [name: default]
2022-12-04 21:17:41.183  INFO 27920 --- [JavaFX-Launcher] org.hibernate.Version                    : HHH000412: Hibernate ORM core version 5.6.11.Final
2022-12-04 21:17:41.429  INFO 27920 --- [JavaFX-Launcher] o.hibernate.annotations.common.Version   : HCANN000001: Hibernate Commons Annotations {5.1.2.Final}
2022-12-04 21:17:41.581  INFO 27920 --- [JavaFX-Launcher] com.zaxxer.hikari.HikariDataSource       : HikariPool-1 - Starting...
2022-12-04 21:17:41.953  INFO 27920 --- [JavaFX-Launcher] com.zaxxer.hikari.HikariDataSource       : HikariPool-1 - Start completed.
2022-12-04 21:17:41.981  INFO 27920 --- [JavaFX-Launcher] org.hibernate.dialect.Dialect            : HHH000400: Using dialect: org.hibernate.dialect.SQLServer2012Dialect
2022-12-04 21:17:42.242  INFO 27920 --- [JavaFX-Launcher] o.hibernate.id.enhanced.TableGenerator   : HHH000398: Explicit segment value for id generator [hibernate_sequences.sequence_name] suggested; using default [default]
2022-12-04 21:17:43.493  INFO 27920 --- [JavaFX-Launcher] o.h.e.t.j.p.i.JtaPlatformInitiator       : HHH000490: Using JtaPlatform implementation: [org.hibernate.engine.transaction.jta.platform.internal.NoJtaPlatform]
2022-12-04 21:17:43.505  INFO 27920 --- [JavaFX-Launcher] j.LocalContainerEntityManagerFactoryBean : Initialized JPA EntityManagerFactory for persistence unit 'default'
2022-12-04 21:17:44.202  WARN 27920 --- [JavaFX-Launcher] JpaBaseConfiguration$JpaWebConfiguration : spring.jpa.open-in-view is enabled by default. Therefore, database queries may be performed during view rendering. Explicitly configure spring.jpa.open-in-view to disable this warning
2022-12-04 21:17:44.804  INFO 27920 --- [JavaFX-Launcher] o.s.b.w.embedded.tomcat.TomcatWebServer  : Tomcat started on port(s): 8080 (http) with context path ''
2022-12-04 21:17:45.231  INFO 27920 --- [JavaFX-Launcher] o.s.boot.SpringApplication               : Started application in 7.026 seconds (JVM running for 8.902)
2022-12-04 21:18:30.773  WARN 27920 --- [HikariPool-1 housekeeper] com.zaxxer.hikari.pool.HikariPool        : HikariPool-1 - Thread starvation or clock leap detected (housekeeper delta=48s718ms684µs300ns).
2022-12-04 21:19:18.084  WARN 27920 --- [HikariPool-1 housekeeper] com.zaxxer.hikari.pool.HikariPool        : HikariPool-1 - Thread starvation or clock leap detected (housekeeper delta=47s311ms270µs100ns).
